0 info it worked if it ends with ok
1 verbose cli [ '/usr/local/bin/node',
1 verbose cli   '/usr/local/bin/npm',
1 verbose cli   'install',
1 verbose cli   '--websocket:verbose' ]
2 info using npm@1.2.18
3 info using node@v0.10.5
4 verbose read json /media/Main/Prive/Dropbox/code/workspace/nodeJs/jmmo/server/package.json
5 error install Couldn't read dependencies
6 error Error: ENOENT, open '/media/Main/Prive/Dropbox/code/workspace/nodeJs/jmmo/server/package.json'
7 error If you need help, you may report this log at:
7 error     <http://github.com/isaacs/npm/issues>
7 error or email it to:
7 error     <npm-@googlegroups.com>
8 error System Linux 3.8.0-26-generic
9 error command "/usr/local/bin/node" "/usr/local/bin/npm" "install" "--websocket:verbose"
10 error cwd /media/Main/Prive/Dropbox/code/workspace/nodeJs/jmmo/server
11 error node -v v0.10.5
12 error npm -v 1.2.18
13 error path /media/Main/Prive/Dropbox/code/workspace/nodeJs/jmmo/server/package.json
14 error code ENOENT
15 error errno 34
16 verbose exit [ 34, true ]
